0 info it worked if it ends with ok
1 verbose cli [ '/usr/local/bin/node', '/usr/local/bin/npm', 'start' ]
2 info using npm@3.6.0
3 info using node@v5.7.1
4 verbose run-script [ 'prestart', 'start', 'poststart' ]
5 info lifecycle aura@0.0.2~prestart: aura@0.0.2
6 silly lifecycle aura@0.0.2~prestart: no script for prestart, continuing
7 info lifecycle aura@0.0.2~start: aura@0.0.2
8 verbose lifecycle aura@0.0.2~start: unsafe-perm in lifecycle true
9 verbose lifecycle aura@0.0.2~start: PATH: /usr/local/lib/node_modules/npm/bin/node-gyp-bin:/Users/daniela/TCC/Aura/talk/node_modules/.bin:/usr/local/bin:/usr/local/sbin:/usr/bin:/bin:/usr/sbin:/sbin:/Library/TeX/texbin:/Library/Frameworks/Mono.framework/Versions/Current/Commands
10 verbose lifecycle aura@0.0.2~start: CWD: /Users/daniela/TCC/Aura/talk
11 silly lifecycle aura@0.0.2~start: Args: [ '-c', 'reveal-md slides.md' ]
12 silly lifecycle aura@0.0.2~start: Returned: code: 1  signal: null
13 info lifecycle aura@0.0.2~start: Failed to exec start script
14 verbose stack Error: aura@0.0.2 start: `reveal-md slides.md`
14 verbose stack Exit status 1
14 verbose stack     at EventEmitter.<anonymous> (/usr/local/lib/node_modules/npm/lib/utils/lifecycle.js:232:16)
14 verbose stack     at emitTwo (events.js:100:13)
14 verbose stack     at EventEmitter.emit (events.js:185:7)
14 verbose stack     at ChildProcess.<anonymous> (/usr/local/lib/node_modules/npm/lib/utils/spawn.js:24:14)
14 verbose stack     at emitTwo (events.js:100:13)
14 verbose stack     at ChildProcess.emit (events.js:185:7)
14 verbose stack     at maybeClose (internal/child_process.js:827:16)
14 verbose stack     at Process.ChildProcess._handle.onexit (internal/child_process.js:211:5)
15 verbose pkgid aura@0.0.2
16 verbose cwd /Users/daniela/TCC/Aura/talk
17 error Darwin 17.7.0
18 error argv "/usr/local/bin/node" "/usr/local/bin/npm" "start"
19 error node v5.7.1
20 error npm  v3.6.0
21 error code ELIFECYCLE
22 error aura@0.0.2 start: `reveal-md slides.md`
22 error Exit status 1
23 error Failed at the aura@0.0.2 start script 'reveal-md slides.md'.
23 error Make sure you have the latest version of node.js and npm installed.
23 error If you do, this is most likely a problem with the aura package,
23 error not with npm itself.
23 error Tell the author that this fails on your system:
23 error     reveal-md slides.md
23 error You can get information on how to open an issue for this project with:
23 error     npm bugs aura
23 error Or if that isn't available, you can get their info via:
23 error     npm owner ls aura
23 error There is likely additional logging output above.
24 verbose exit [ 1, true ]
